[START][2025-11-17 21:58:15] LSP logging initiated
[WARN][2025-11-17 21:58:15] ...lsp/handlers.lua:564	"The config c:/Users/aaron/Projects/CloverPit_Seed_Tracker/web/app/assets/main-plate.pcss requires a preprocessor and is not supported by Tailwind CSS v4.0."
[WARN][2025-11-17 21:58:15] ...lsp/handlers.lua:564	"The config c:/Users/aaron/Projects/CloverPit_Seed_Tracker/web/app/assets/main.pcss requires a preprocessor and is not supported by Tailwind CSS v4.0."
[WARN][2025-11-17 21:58:15] ...lsp/handlers.lua:564	"The config c:/Users/aaron/Projects/CloverPit_Seed_Tracker/web/app/assets/navbar.pcss requires a preprocessor and is not supported by Tailwind CSS v4.0."
[WARN][2025-11-17 21:58:15] ...lsp/handlers.lua:564	"The config c:/Users/aaron/Projects/CloverPit_Seed_Tracker/web/app/assets/admin/new_item.pcss requires a preprocessor and is not supported by Tailwind CSS v4.0."
[WARN][2025-11-17 21:58:15] ...lsp/handlers.lua:564	"The config c:/Users/aaron/Projects/CloverPit_Seed_Tracker/web/app/assets/profile.pcss requires a preprocessor and is not supported by Tailwind CSS v4.0."
[WARN][2025-11-17 21:58:15] ...lsp/handlers.lua:564	"The config c:/Users/aaron/Projects/CloverPit_Seed_Tracker/web/app/assets/modal.pcss requires a preprocessor and is not supported by Tailwind CSS v4.0."
[WARN][2025-11-17 21:58:15] ...lsp/handlers.lua:564	"The config c:/Users/aaron/Projects/CloverPit_Seed_Tracker/web/app/assets/new_run.pcss requires a preprocessor and is not supported by Tailwind CSS v4.0."
[WARN][2025-11-17 21:58:17] ...m/lsp/client.lua:874	"The language server tailwindcss triggers a registerCapability handler for textDocument/documentColor despite dynamicRegistration set to false. Report upstream, this warning is harmless"
[START][2025-11-17 22:01:04] LSP logging initiated
[WARN][2025-11-17 22:01:04] ...lsp/handlers.lua:564	"The config c:/Users/aaron/Projects/CloverPit_Seed_Tracker/web/app/assets/profile.pcss requires a preprocessor and is not supported by Tailwind CSS v4.0."
[WARN][2025-11-17 22:01:04] ...lsp/handlers.lua:564	"The config c:/Users/aaron/Projects/CloverPit_Seed_Tracker/web/app/assets/main-plate.pcss requires a preprocessor and is not supported by Tailwind CSS v4.0."
[WARN][2025-11-17 22:01:04] ...lsp/handlers.lua:564	"The config c:/Users/aaron/Projects/CloverPit_Seed_Tracker/web/app/assets/main.pcss requires a preprocessor and is not supported by Tailwind CSS v4.0."
[WARN][2025-11-17 22:01:04] ...lsp/handlers.lua:564	"The config c:/Users/aaron/Projects/CloverPit_Seed_Tracker/web/app/assets/admin/new_item.pcss requires a preprocessor and is not supported by Tailwind CSS v4.0."
[WARN][2025-11-17 22:01:04] ...lsp/handlers.lua:564	"The config c:/Users/aaron/Projects/CloverPit_Seed_Tracker/web/app/assets/new_run.pcss requires a preprocessor and is not supported by Tailwind CSS v4.0."
[WARN][2025-11-17 22:01:04] ...lsp/handlers.lua:564	"The config c:/Users/aaron/Projects/CloverPit_Seed_Tracker/web/app/assets/modal.pcss requires a preprocessor and is not supported by Tailwind CSS v4.0."
[WARN][2025-11-17 22:01:04] ...lsp/handlers.lua:564	"The config c:/Users/aaron/Projects/CloverPit_Seed_Tracker/web/app/assets/navbar.pcss requires a preprocessor and is not supported by Tailwind CSS v4.0."
[WARN][2025-11-17 22:01:05] ...m/lsp/client.lua:874	"The language server tailwindcss triggers a registerCapability handler for textDocument/documentColor despite dynamicRegistration set to false. Report upstream, this warning is harmless"
[START][2025-11-17 22:08:25] LSP logging initiated
[WARN][2025-11-17 22:08:25] ...lsp/handlers.lua:564	"The config c:/Users/aaron/Projects/CloverPit_Seed_Tracker/web/app/assets/main-plate.pcss requires a preprocessor and is not supported by Tailwind CSS v4.0."
[WARN][2025-11-17 22:08:25] ...lsp/handlers.lua:564	"The config c:/Users/aaron/Projects/CloverPit_Seed_Tracker/web/app/assets/modal.pcss requires a preprocessor and is not supported by Tailwind CSS v4.0."
[WARN][2025-11-17 22:08:25] ...lsp/handlers.lua:564	"The config c:/Users/aaron/Projects/CloverPit_Seed_Tracker/web/app/assets/navbar.pcss requires a preprocessor and is not supported by Tailwind CSS v4.0."
[WARN][2025-11-17 22:08:25] ...lsp/handlers.lua:564	"The config c:/Users/aaron/Projects/CloverPit_Seed_Tracker/web/app/assets/main.pcss requires a preprocessor and is not supported by Tailwind CSS v4.0."
[WARN][2025-11-17 22:08:25] ...lsp/handlers.lua:564	"The config c:/Users/aaron/Projects/CloverPit_Seed_Tracker/web/app/assets/profile.pcss requires a preprocessor and is not supported by Tailwind CSS v4.0."
[WARN][2025-11-17 22:08:25] ...lsp/handlers.lua:564	"The config c:/Users/aaron/Projects/CloverPit_Seed_Tracker/web/app/assets/admin/new_item.pcss requires a preprocessor and is not supported by Tailwind CSS v4.0."
[WARN][2025-11-17 22:08:25] ...lsp/handlers.lua:564	"The config c:/Users/aaron/Projects/CloverPit_Seed_Tracker/web/app/assets/new_run.pcss requires a preprocessor and is not supported by Tailwind CSS v4.0."
[WARN][2025-11-17 22:08:26] ...m/lsp/client.lua:874	"The language server tailwindcss triggers a registerCapability handler for textDocument/documentColor despite dynamicRegistration set to false. Report upstream, this warning is harmless"
[START][2025-11-17 22:37:35] LSP logging initiated
[WARN][2025-11-17 22:37:35] ...lsp/handlers.lua:564	"The config c:/Users/aaron/Projects/CloverPit_Seed_Tracker/web/app/assets/modal.pcss requires a preprocessor and is not supported by Tailwind CSS v4.0."
[WARN][2025-11-17 22:37:35] ...lsp/handlers.lua:564	"The config c:/Users/aaron/Projects/CloverPit_Seed_Tracker/web/app/assets/main.pcss requires a preprocessor and is not supported by Tailwind CSS v4.0."
[WARN][2025-11-17 22:37:35] ...lsp/handlers.lua:564	"The config c:/Users/aaron/Projects/CloverPit_Seed_Tracker/web/app/assets/new_run.pcss requires a preprocessor and is not supported by Tailwind CSS v4.0."
[WARN][2025-11-17 22:37:35] ...lsp/handlers.lua:564	"The config c:/Users/aaron/Projects/CloverPit_Seed_Tracker/web/app/assets/main-plate.pcss requires a preprocessor and is not supported by Tailwind CSS v4.0."
[WARN][2025-11-17 22:37:35] ...lsp/handlers.lua:564	"The config c:/Users/aaron/Projects/CloverPit_Seed_Tracker/web/app/assets/admin/new_item.pcss requires a preprocessor and is not supported by Tailwind CSS v4.0."
[WARN][2025-11-17 22:37:35] ...lsp/handlers.lua:564	"The config c:/Users/aaron/Projects/CloverPit_Seed_Tracker/web/app/assets/profile.pcss requires a preprocessor and is not supported by Tailwind CSS v4.0."
[WARN][2025-11-17 22:37:35] ...lsp/handlers.lua:564	"The config c:/Users/aaron/Projects/CloverPit_Seed_Tracker/web/app/assets/navbar.pcss requires a preprocessor and is not supported by Tailwind CSS v4.0."
[WARN][2025-11-17 22:37:35] ...m/lsp/client.lua:874	"The language server tailwindcss triggers a registerCapability handler for textDocument/documentColor despite dynamicRegistration set to false. Report upstream, this warning is harmless"
[WARN][2025-11-17 22:40:50] ...lsp/handlers.lua:564	"[WARN] No tsconfig.json found at c:\\Users\\aaron\\tsconfig.json"
[WARN][2025-11-17 22:43:57] ...lsp/handlers.lua:564	"The config c:/Users/aaron/Projects/CloverPit_Seed_Tracker/web/app/assets/main-plate.pcss requires a preprocessor and is not supported by Tailwind CSS v4.0."
[WARN][2025-11-17 22:43:57] ...lsp/handlers.lua:564	"The config c:/Users/aaron/Projects/CloverPit_Seed_Tracker/web/app/assets/profile.pcss requires a preprocessor and is not supported by Tailwind CSS v4.0."
[WARN][2025-11-17 22:43:57] ...lsp/handlers.lua:564	"The config c:/Users/aaron/Projects/CloverPit_Seed_Tracker/web/app/assets/modal.pcss requires a preprocessor and is not supported by Tailwind CSS v4.0."
[WARN][2025-11-17 22:43:57] ...lsp/handlers.lua:564	"The config c:/Users/aaron/Projects/CloverPit_Seed_Tracker/web/app/assets/main.pcss requires a preprocessor and is not supported by Tailwind CSS v4.0."
[WARN][2025-11-17 22:43:57] ...lsp/handlers.lua:564	"The config c:/Users/aaron/Projects/CloverPit_Seed_Tracker/web/app/assets/navbar.pcss requires a preprocessor and is not supported by Tailwind CSS v4.0."
[WARN][2025-11-17 22:43:57] ...lsp/handlers.lua:564	"The config c:/Users/aaron/Projects/CloverPit_Seed_Tracker/web/app/assets/new_run.pcss requires a preprocessor and is not supported by Tailwind CSS v4.0."
[WARN][2025-11-17 22:43:57] ...lsp/handlers.lua:564	"The config c:/Users/aaron/Projects/CloverPit_Seed_Tracker/web/app/assets/admin/new_item.pcss requires a preprocessor and is not supported by Tailwind CSS v4.0."
[WARN][2025-11-17 22:43:57] ...m/lsp/client.lua:874	"The language server tailwindcss triggers a registerCapability handler for textDocument/documentColor despite dynamicRegistration set to false. Report upstream, this warning is harmless"
[START][2025-11-17 22:51:35] LSP logging initiated
[WARN][2025-11-17 22:51:35] ...lsp/handlers.lua:564	"The config c:/Users/aaron/Projects/CloverPit_Seed_Tracker/web/app/assets/main-plate.pcss requires a preprocessor and is not supported by Tailwind CSS v4.0."
[WARN][2025-11-17 22:51:35] ...lsp/handlers.lua:564	"The config c:/Users/aaron/Projects/CloverPit_Seed_Tracker/web/app/assets/navbar.pcss requires a preprocessor and is not supported by Tailwind CSS v4.0."
[WARN][2025-11-17 22:51:35] ...lsp/handlers.lua:564	"The config c:/Users/aaron/Projects/CloverPit_Seed_Tracker/web/app/assets/modal.pcss requires a preprocessor and is not supported by Tailwind CSS v4.0."
[WARN][2025-11-17 22:51:35] ...lsp/handlers.lua:564	"The config c:/Users/aaron/Projects/CloverPit_Seed_Tracker/web/app/assets/profile.pcss requires a preprocessor and is not supported by Tailwind CSS v4.0."
[WARN][2025-11-17 22:51:35] ...lsp/handlers.lua:564	"The config c:/Users/aaron/Projects/CloverPit_Seed_Tracker/web/app/assets/admin/new_item.pcss requires a preprocessor and is not supported by Tailwind CSS v4.0."
[WARN][2025-11-17 22:51:35] ...lsp/handlers.lua:564	"The config c:/Users/aaron/Projects/CloverPit_Seed_Tracker/web/app/assets/new_run.pcss requires a preprocessor and is not supported by Tailwind CSS v4.0."
[WARN][2025-11-17 22:51:35] ...lsp/handlers.lua:564	"The config c:/Users/aaron/Projects/CloverPit_Seed_Tracker/web/app/assets/main.pcss requires a preprocessor and is not supported by Tailwind CSS v4.0."
[WARN][2025-11-17 22:51:36] ...m/lsp/client.lua:874	"The language server tailwindcss triggers a registerCapability handler for textDocument/documentColor despite dynamicRegistration set to false. Report upstream, this warning is harmless"
[START][2025-11-17 23:17:32] LSP logging initiated
[WARN][2025-11-17 23:17:32] ...lsp/handlers.lua:564	"[WARN] No tsconfig.json found at c:\\Users\\aaron\\tsconfig.json"
[START][2025-11-17 23:24:56] LSP logging initiated
[WARN][2025-11-17 23:24:56] ...lsp/handlers.lua:564	"The config c:/Users/aaron/Projects/CloverPit_Seed_Tracker/web/app/assets/modal.pcss requires a preprocessor and is not supported by Tailwind CSS v4.0."
[WARN][2025-11-17 23:24:56] ...lsp/handlers.lua:564	"The config c:/Users/aaron/Projects/CloverPit_Seed_Tracker/web/app/assets/main.pcss requires a preprocessor and is not supported by Tailwind CSS v4.0."
[WARN][2025-11-17 23:24:56] ...lsp/handlers.lua:564	"The config c:/Users/aaron/Projects/CloverPit_Seed_Tracker/web/app/assets/main-plate.pcss requires a preprocessor and is not supported by Tailwind CSS v4.0."
[WARN][2025-11-17 23:24:56] ...lsp/handlers.lua:564	"The config c:/Users/aaron/Projects/CloverPit_Seed_Tracker/web/app/assets/new_run.pcss requires a preprocessor and is not supported by Tailwind CSS v4.0."
[WARN][2025-11-17 23:24:56] ...lsp/handlers.lua:564	"The config c:/Users/aaron/Projects/CloverPit_Seed_Tracker/web/app/assets/profile.pcss requires a preprocessor and is not supported by Tailwind CSS v4.0."
[WARN][2025-11-17 23:24:56] ...lsp/handlers.lua:564	"The config c:/Users/aaron/Projects/CloverPit_Seed_Tracker/web/app/assets/admin/new_item.pcss requires a preprocessor and is not supported by Tailwind CSS v4.0."
[WARN][2025-11-17 23:24:56] ...lsp/handlers.lua:564	"The config c:/Users/aaron/Projects/CloverPit_Seed_Tracker/web/app/assets/navbar.pcss requires a preprocessor and is not supported by Tailwind CSS v4.0."
[WARN][2025-11-17 23:24:57] ...m/lsp/client.lua:874	"The language server tailwindcss triggers a registerCapability handler for textDocument/documentColor despite dynamicRegistration set to false. Report upstream, this warning is harmless"
[START][2025-11-17 23:28:54] LSP logging initiated
[WARN][2025-11-17 23:28:54] ...lsp/handlers.lua:564	"The config c:/Users/aaron/Projects/CloverPit_Seed_Tracker/web/app/assets/main-plate.pcss requires a preprocessor and is not supported by Tailwind CSS v4.0."
[WARN][2025-11-17 23:28:54] ...lsp/handlers.lua:564	"The config c:/Users/aaron/Projects/CloverPit_Seed_Tracker/web/app/assets/main.pcss requires a preprocessor and is not supported by Tailwind CSS v4.0."
[WARN][2025-11-17 23:28:54] ...lsp/handlers.lua:564	"The config c:/Users/aaron/Projects/CloverPit_Seed_Tracker/web/app/assets/new_run.pcss requires a preprocessor and is not supported by Tailwind CSS v4.0."
[WARN][2025-11-17 23:28:54] ...lsp/handlers.lua:564	"The config c:/Users/aaron/Projects/CloverPit_Seed_Tracker/web/app/assets/navbar.pcss requires a preprocessor and is not supported by Tailwind CSS v4.0."
[WARN][2025-11-17 23:28:54] ...lsp/handlers.lua:564	"The config c:/Users/aaron/Projects/CloverPit_Seed_Tracker/web/app/assets/profile.pcss requires a preprocessor and is not supported by Tailwind CSS v4.0."
[WARN][2025-11-17 23:28:54] ...lsp/handlers.lua:564	"The config c:/Users/aaron/Projects/CloverPit_Seed_Tracker/web/app/assets/modal.pcss requires a preprocessor and is not supported by Tailwind CSS v4.0."
[WARN][2025-11-17 23:28:54] ...lsp/handlers.lua:564	"The config c:/Users/aaron/Projects/CloverPit_Seed_Tracker/web/app/assets/admin/new_item.pcss requires a preprocessor and is not supported by Tailwind CSS v4.0."
[WARN][2025-11-17 23:28:55] ...m/lsp/client.lua:874	"The language server tailwindcss triggers a registerCapability handler for textDocument/documentColor despite dynamicRegistration set to false. Report upstream, this warning is harmless"
[START][2025-11-17 23:29:37] LSP logging initiated
[WARN][2025-11-17 23:29:37] ...lsp/handlers.lua:564	"The config c:/Users/aaron/Projects/CloverPit_Seed_Tracker/web/app/assets/navbar.pcss requires a preprocessor and is not supported by Tailwind CSS v4.0."
[WARN][2025-11-17 23:29:37] ...lsp/handlers.lua:564	"The config c:/Users/aaron/Projects/CloverPit_Seed_Tracker/web/app/assets/main-plate.pcss requires a preprocessor and is not supported by Tailwind CSS v4.0."
[WARN][2025-11-17 23:29:37] ...lsp/handlers.lua:564	"The config c:/Users/aaron/Projects/CloverPit_Seed_Tracker/web/app/assets/new_run.pcss requires a preprocessor and is not supported by Tailwind CSS v4.0."
[WARN][2025-11-17 23:29:37] ...lsp/handlers.lua:564	"The config c:/Users/aaron/Projects/CloverPit_Seed_Tracker/web/app/assets/modal.pcss requires a preprocessor and is not supported by Tailwind CSS v4.0."
[WARN][2025-11-17 23:29:37] ...lsp/handlers.lua:564	"The config c:/Users/aaron/Projects/CloverPit_Seed_Tracker/web/app/assets/main.pcss requires a preprocessor and is not supported by Tailwind CSS v4.0."
[WARN][2025-11-17 23:29:37] ...lsp/handlers.lua:564	"The config c:/Users/aaron/Projects/CloverPit_Seed_Tracker/web/app/assets/admin/new_item.pcss requires a preprocessor and is not supported by Tailwind CSS v4.0."
[WARN][2025-11-17 23:29:37] ...lsp/handlers.lua:564	"The config c:/Users/aaron/Projects/CloverPit_Seed_Tracker/web/app/assets/profile.pcss requires a preprocessor and is not supported by Tailwind CSS v4.0."
[WARN][2025-11-17 23:29:38] ...m/lsp/client.lua:874	"The language server tailwindcss triggers a registerCapability handler for textDocument/documentColor despite dynamicRegistration set to false. Report upstream, this warning is harmless"
[START][2025-11-17 23:29:52] LSP logging initiated
[WARN][2025-11-17 23:29:52] ...lsp/handlers.lua:564	"The config c:/Users/aaron/Projects/CloverPit_Seed_Tracker/web/app/assets/navbar.pcss requires a preprocessor and is not supported by Tailwind CSS v4.0."
[WARN][2025-11-17 23:29:52] ...lsp/handlers.lua:564	"The config c:/Users/aaron/Projects/CloverPit_Seed_Tracker/web/app/assets/admin/new_item.pcss requires a preprocessor and is not supported by Tailwind CSS v4.0."
[WARN][2025-11-17 23:29:52] ...lsp/handlers.lua:564	"The config c:/Users/aaron/Projects/CloverPit_Seed_Tracker/web/app/assets/modal.pcss requires a preprocessor and is not supported by Tailwind CSS v4.0."
[WARN][2025-11-17 23:29:52] ...lsp/handlers.lua:564	"The config c:/Users/aaron/Projects/CloverPit_Seed_Tracker/web/app/assets/main.pcss requires a preprocessor and is not supported by Tailwind CSS v4.0."
[WARN][2025-11-17 23:29:52] ...lsp/handlers.lua:564	"The config c:/Users/aaron/Projects/CloverPit_Seed_Tracker/web/app/assets/profile.pcss requires a preprocessor and is not supported by Tailwind CSS v4.0."
[WARN][2025-11-17 23:29:52] ...lsp/handlers.lua:564	"The config c:/Users/aaron/Projects/CloverPit_Seed_Tracker/web/app/assets/main-plate.pcss requires a preprocessor and is not supported by Tailwind CSS v4.0."
[WARN][2025-11-17 23:29:52] ...lsp/handlers.lua:564	"The config c:/Users/aaron/Projects/CloverPit_Seed_Tracker/web/app/assets/new_run.pcss requires a preprocessor and is not supported by Tailwind CSS v4.0."
[WARN][2025-11-17 23:29:53] ...m/lsp/client.lua:874	"The language server tailwindcss triggers a registerCapability handler for textDocument/documentColor despite dynamicRegistration set to false. Report upstream, this warning is harmless"
[START][2025-11-17 23:30:27] LSP logging initiated
[WARN][2025-11-17 23:30:27] ...lsp/handlers.lua:564	"The config c:/Users/aaron/Projects/CloverPit_Seed_Tracker/web/app/assets/main-plate.pcss requires a preprocessor and is not supported by Tailwind CSS v4.0."
[WARN][2025-11-17 23:30:27] ...lsp/handlers.lua:564	"The config c:/Users/aaron/Projects/CloverPit_Seed_Tracker/web/app/assets/main.pcss requires a preprocessor and is not supported by Tailwind CSS v4.0."
[WARN][2025-11-17 23:30:27] ...lsp/handlers.lua:564	"The config c:/Users/aaron/Projects/CloverPit_Seed_Tracker/web/app/assets/modal.pcss requires a preprocessor and is not supported by Tailwind CSS v4.0."
[WARN][2025-11-17 23:30:27] ...lsp/handlers.lua:564	"The config c:/Users/aaron/Projects/CloverPit_Seed_Tracker/web/app/assets/profile.pcss requires a preprocessor and is not supported by Tailwind CSS v4.0."
[WARN][2025-11-17 23:30:27] ...lsp/handlers.lua:564	"The config c:/Users/aaron/Projects/CloverPit_Seed_Tracker/web/app/assets/navbar.pcss requires a preprocessor and is not supported by Tailwind CSS v4.0."
[WARN][2025-11-17 23:30:27] ...lsp/handlers.lua:564	"The config c:/Users/aaron/Projects/CloverPit_Seed_Tracker/web/app/assets/admin/new_item.pcss requires a preprocessor and is not supported by Tailwind CSS v4.0."
[WARN][2025-11-17 23:30:27] ...lsp/handlers.lua:564	"The config c:/Users/aaron/Projects/CloverPit_Seed_Tracker/web/app/assets/new_run.pcss requires a preprocessor and is not supported by Tailwind CSS v4.0."
[WARN][2025-11-17 23:30:28] ...m/lsp/client.lua:874	"The language server tailwindcss triggers a registerCapability handler for textDocument/documentColor despite dynamicRegistration set to false. Report upstream, this warning is harmless"
[START][2025-11-17 23:30:59] LSP logging initiated
[WARN][2025-11-17 23:30:59] ...lsp/handlers.lua:564	"The config c:/Users/aaron/Projects/CloverPit_Seed_Tracker/web/app/assets/modal.pcss requires a preprocessor and is not supported by Tailwind CSS v4.0."
[WARN][2025-11-17 23:30:59] ...lsp/handlers.lua:564	"The config c:/Users/aaron/Projects/CloverPit_Seed_Tracker/web/app/assets/profile.pcss requires a preprocessor and is not supported by Tailwind CSS v4.0."
[WARN][2025-11-17 23:30:59] ...lsp/handlers.lua:564	"The config c:/Users/aaron/Projects/CloverPit_Seed_Tracker/web/app/assets/navbar.pcss requires a preprocessor and is not supported by Tailwind CSS v4.0."
[WARN][2025-11-17 23:30:59] ...lsp/handlers.lua:564	"The config c:/Users/aaron/Projects/CloverPit_Seed_Tracker/web/app/assets/main-plate.pcss requires a preprocessor and is not supported by Tailwind CSS v4.0."
[WARN][2025-11-17 23:30:59] ...lsp/handlers.lua:564	"The config c:/Users/aaron/Projects/CloverPit_Seed_Tracker/web/app/assets/new_run.pcss requires a preprocessor and is not supported by Tailwind CSS v4.0."
[WARN][2025-11-17 23:30:59] ...lsp/handlers.lua:564	"The config c:/Users/aaron/Projects/CloverPit_Seed_Tracker/web/app/assets/admin/new_item.pcss requires a preprocessor and is not supported by Tailwind CSS v4.0."
[WARN][2025-11-17 23:30:59] ...lsp/handlers.lua:564	"The config c:/Users/aaron/Projects/CloverPit_Seed_Tracker/web/app/assets/main.pcss requires a preprocessor and is not supported by Tailwind CSS v4.0."
[WARN][2025-11-17 23:30:59] ...m/lsp/client.lua:874	"The language server tailwindcss triggers a registerCapability handler for textDocument/documentColor despite dynamicRegistration set to false. Report upstream, this warning is harmless"
[START][2025-11-17 23:31:07] LSP logging initiated
[WARN][2025-11-17 23:31:07] ...lsp/handlers.lua:564	"The config c:/Users/aaron/Projects/CloverPit_Seed_Tracker/web/app/assets/new_run.pcss requires a preprocessor and is not supported by Tailwind CSS v4.0."
[WARN][2025-11-17 23:31:07] ...lsp/handlers.lua:564	"The config c:/Users/aaron/Projects/CloverPit_Seed_Tracker/web/app/assets/main-plate.pcss requires a preprocessor and is not supported by Tailwind CSS v4.0."
[WARN][2025-11-17 23:31:07] ...lsp/handlers.lua:564	"The config c:/Users/aaron/Projects/CloverPit_Seed_Tracker/web/app/assets/main.pcss requires a preprocessor and is not supported by Tailwind CSS v4.0."
[WARN][2025-11-17 23:31:07] ...lsp/handlers.lua:564	"The config c:/Users/aaron/Projects/CloverPit_Seed_Tracker/web/app/assets/modal.pcss requires a preprocessor and is not supported by Tailwind CSS v4.0."
[WARN][2025-11-17 23:31:07] ...lsp/handlers.lua:564	"The config c:/Users/aaron/Projects/CloverPit_Seed_Tracker/web/app/assets/profile.pcss requires a preprocessor and is not supported by Tailwind CSS v4.0."
[WARN][2025-11-17 23:31:07] ...lsp/handlers.lua:564	"The config c:/Users/aaron/Projects/CloverPit_Seed_Tracker/web/app/assets/admin/new_item.pcss requires a preprocessor and is not supported by Tailwind CSS v4.0."
[WARN][2025-11-17 23:31:07] ...lsp/handlers.lua:564	"The config c:/Users/aaron/Projects/CloverPit_Seed_Tracker/web/app/assets/navbar.pcss requires a preprocessor and is not supported by Tailwind CSS v4.0."
[WARN][2025-11-17 23:31:08] ...m/lsp/client.lua:874	"The language server tailwindcss triggers a registerCapability handler for textDocument/documentColor despite dynamicRegistration set to false. Report upstream, this warning is harmless"
[START][2025-11-17 23:31:41] LSP logging initiated
[WARN][2025-11-17 23:31:41] ...lsp/handlers.lua:564	"The config c:/Users/aaron/Projects/CloverPit_Seed_Tracker/web/app/assets/main.pcss requires a preprocessor and is not supported by Tailwind CSS v4.0."
[WARN][2025-11-17 23:31:41] ...lsp/handlers.lua:564	"The config c:/Users/aaron/Projects/CloverPit_Seed_Tracker/web/app/assets/profile.pcss requires a preprocessor and is not supported by Tailwind CSS v4.0."
[WARN][2025-11-17 23:31:41] ...lsp/handlers.lua:564	"The config c:/Users/aaron/Projects/CloverPit_Seed_Tracker/web/app/assets/navbar.pcss requires a preprocessor and is not supported by Tailwind CSS v4.0."
[WARN][2025-11-17 23:31:41] ...lsp/handlers.lua:564	"The config c:/Users/aaron/Projects/CloverPit_Seed_Tracker/web/app/assets/modal.pcss requires a preprocessor and is not supported by Tailwind CSS v4.0."
[WARN][2025-11-17 23:31:41] ...lsp/handlers.lua:564	"The config c:/Users/aaron/Projects/CloverPit_Seed_Tracker/web/app/assets/main-plate.pcss requires a preprocessor and is not supported by Tailwind CSS v4.0."
[WARN][2025-11-17 23:31:41] ...lsp/handlers.lua:564	"The config c:/Users/aaron/Projects/CloverPit_Seed_Tracker/web/app/assets/new_run.pcss requires a preprocessor and is not supported by Tailwind CSS v4.0."
[WARN][2025-11-17 23:31:41] ...lsp/handlers.lua:564	"The config c:/Users/aaron/Projects/CloverPit_Seed_Tracker/web/app/assets/admin/new_item.pcss requires a preprocessor and is not supported by Tailwind CSS v4.0."
[WARN][2025-11-17 23:31:42] ...m/lsp/client.lua:874	"The language server tailwindcss triggers a registerCapability handler for textDocument/documentColor despite dynamicRegistration set to false. Report upstream, this warning is harmless"
[START][2025-11-17 23:32:05] LSP logging initiated
[WARN][2025-11-17 23:32:05] ...lsp/handlers.lua:564	"The config c:/Users/aaron/Projects/CloverPit_Seed_Tracker/web/app/assets/navbar.pcss requires a preprocessor and is not supported by Tailwind CSS v4.0."
[WARN][2025-11-17 23:32:05] ...lsp/handlers.lua:564	"The config c:/Users/aaron/Projects/CloverPit_Seed_Tracker/web/app/assets/main-plate.pcss requires a preprocessor and is not supported by Tailwind CSS v4.0."
[WARN][2025-11-17 23:32:05] ...lsp/handlers.lua:564	"The config c:/Users/aaron/Projects/CloverPit_Seed_Tracker/web/app/assets/main.pcss requires a preprocessor and is not supported by Tailwind CSS v4.0."
[WARN][2025-11-17 23:32:05] ...lsp/handlers.lua:564	"The config c:/Users/aaron/Projects/CloverPit_Seed_Tracker/web/app/assets/new_run.pcss requires a preprocessor and is not supported by Tailwind CSS v4.0."
[WARN][2025-11-17 23:32:05] ...lsp/handlers.lua:564	"The config c:/Users/aaron/Projects/CloverPit_Seed_Tracker/web/app/assets/modal.pcss requires a preprocessor and is not supported by Tailwind CSS v4.0."
[WARN][2025-11-17 23:32:05] ...lsp/handlers.lua:564	"The config c:/Users/aaron/Projects/CloverPit_Seed_Tracker/web/app/assets/profile.pcss requires a preprocessor and is not supported by Tailwind CSS v4.0."
[WARN][2025-11-17 23:32:05] ...lsp/handlers.lua:564	"The config c:/Users/aaron/Projects/CloverPit_Seed_Tracker/web/app/assets/admin/new_item.pcss requires a preprocessor and is not supported by Tailwind CSS v4.0."
[WARN][2025-11-17 23:32:06] ...m/lsp/client.lua:874	"The language server tailwindcss triggers a registerCapability handler for textDocument/documentColor despite dynamicRegistration set to false. Report upstream, this warning is harmless"
[ERROR][2025-11-17 23:34:31] ...lsp/handlers.lua:562	"TSServer exited. Code: null. Signal: SIGTERM"
[START][2025-11-17 23:34:34] LSP logging initiated
[WARN][2025-11-17 23:34:34] ...lsp/handlers.lua:564	"The config c:/Users/aaron/Projects/CloverPit_Seed_Tracker/web/app/assets/new_run.pcss requires a preprocessor and is not supported by Tailwind CSS v4.0."
[WARN][2025-11-17 23:34:34] ...lsp/handlers.lua:564	"The config c:/Users/aaron/Projects/CloverPit_Seed_Tracker/web/app/assets/modal.pcss requires a preprocessor and is not supported by Tailwind CSS v4.0."
[WARN][2025-11-17 23:34:34] ...lsp/handlers.lua:564	"The config c:/Users/aaron/Projects/CloverPit_Seed_Tracker/web/app/assets/main.pcss requires a preprocessor and is not supported by Tailwind CSS v4.0."
[WARN][2025-11-17 23:34:34] ...lsp/handlers.lua:564	"The config c:/Users/aaron/Projects/CloverPit_Seed_Tracker/web/app/assets/main-plate.pcss requires a preprocessor and is not supported by Tailwind CSS v4.0."
[WARN][2025-11-17 23:34:34] ...lsp/handlers.lua:564	"The config c:/Users/aaron/Projects/CloverPit_Seed_Tracker/web/app/assets/admin/new_item.pcss requires a preprocessor and is not supported by Tailwind CSS v4.0."
[WARN][2025-11-17 23:34:34] ...lsp/handlers.lua:564	"The config c:/Users/aaron/Projects/CloverPit_Seed_Tracker/web/app/assets/profile.pcss requires a preprocessor and is not supported by Tailwind CSS v4.0."
[WARN][2025-11-17 23:34:34] ...lsp/handlers.lua:564	"The config c:/Users/aaron/Projects/CloverPit_Seed_Tracker/web/app/assets/navbar.pcss requires a preprocessor and is not supported by Tailwind CSS v4.0."
[WARN][2025-11-17 23:34:35] ...m/lsp/client.lua:874	"The language server tailwindcss triggers a registerCapability handler for textDocument/documentColor despite dynamicRegistration set to false. Report upstream, this warning is harmless"
[START][2025-11-17 23:34:55] LSP logging initiated
[WARN][2025-11-17 23:34:55] ...lsp/handlers.lua:564	"The config c:/Users/aaron/Projects/CloverPit_Seed_Tracker/web/app/assets/main.pcss requires a preprocessor and is not supported by Tailwind CSS v4.0."
[WARN][2025-11-17 23:34:55] ...lsp/handlers.lua:564	"The config c:/Users/aaron/Projects/CloverPit_Seed_Tracker/web/app/assets/new_run.pcss requires a preprocessor and is not supported by Tailwind CSS v4.0."
[WARN][2025-11-17 23:34:55] ...lsp/handlers.lua:564	"The config c:/Users/aaron/Projects/CloverPit_Seed_Tracker/web/app/assets/modal.pcss requires a preprocessor and is not supported by Tailwind CSS v4.0."
[WARN][2025-11-17 23:34:55] ...lsp/handlers.lua:564	"The config c:/Users/aaron/Projects/CloverPit_Seed_Tracker/web/app/assets/navbar.pcss requires a preprocessor and is not supported by Tailwind CSS v4.0."
[WARN][2025-11-17 23:34:55] ...lsp/handlers.lua:564	"The config c:/Users/aaron/Projects/CloverPit_Seed_Tracker/web/app/assets/main-plate.pcss requires a preprocessor and is not supported by Tailwind CSS v4.0."
[WARN][2025-11-17 23:34:55] ...lsp/handlers.lua:564	"The config c:/Users/aaron/Projects/CloverPit_Seed_Tracker/web/app/assets/admin/new_item.pcss requires a preprocessor and is not supported by Tailwind CSS v4.0."
[WARN][2025-11-17 23:34:55] ...lsp/handlers.lua:564	"The config c:/Users/aaron/Projects/CloverPit_Seed_Tracker/web/app/assets/profile.pcss requires a preprocessor and is not supported by Tailwind CSS v4.0."
[WARN][2025-11-17 23:34:55] ...m/lsp/client.lua:874	"The language server tailwindcss triggers a registerCapability handler for textDocument/documentColor despite dynamicRegistration set to false. Report upstream, this warning is harmless"
[ERROR][2025-11-17 23:35:33] ...lsp/handlers.lua:562	"TSServer exited. Code: null. Signal: SIGTERM"
[START][2025-11-17 23:35:37] LSP logging initiated
[WARN][2025-11-17 23:35:37] ...lsp/handlers.lua:564	"The config c:/Users/aaron/Projects/CloverPit_Seed_Tracker/web/app/assets/modal.pcss requires a preprocessor and is not supported by Tailwind CSS v4.0."
[WARN][2025-11-17 23:35:37] ...lsp/handlers.lua:564	"The config c:/Users/aaron/Projects/CloverPit_Seed_Tracker/web/app/assets/new_run.pcss requires a preprocessor and is not supported by Tailwind CSS v4.0."
[WARN][2025-11-17 23:35:37] ...lsp/handlers.lua:564	"The config c:/Users/aaron/Projects/CloverPit_Seed_Tracker/web/app/assets/main-plate.pcss requires a preprocessor and is not supported by Tailwind CSS v4.0."
[WARN][2025-11-17 23:35:37] ...lsp/handlers.lua:564	"The config c:/Users/aaron/Projects/CloverPit_Seed_Tracker/web/app/assets/main.pcss requires a preprocessor and is not supported by Tailwind CSS v4.0."
[WARN][2025-11-17 23:35:37] ...lsp/handlers.lua:564	"The config c:/Users/aaron/Projects/CloverPit_Seed_Tracker/web/app/assets/admin/new_item.pcss requires a preprocessor and is not supported by Tailwind CSS v4.0."
[WARN][2025-11-17 23:35:37] ...lsp/handlers.lua:564	"The config c:/Users/aaron/Projects/CloverPit_Seed_Tracker/web/app/assets/profile.pcss requires a preprocessor and is not supported by Tailwind CSS v4.0."
[WARN][2025-11-17 23:35:37] ...lsp/handlers.lua:564	"The config c:/Users/aaron/Projects/CloverPit_Seed_Tracker/web/app/assets/navbar.pcss requires a preprocessor and is not supported by Tailwind CSS v4.0."
[WARN][2025-11-17 23:35:37] ...m/lsp/client.lua:874	"The language server tailwindcss triggers a registerCapability handler for textDocument/documentColor despite dynamicRegistration set to false. Report upstream, this warning is harmless"
[WARN][2025-11-17 23:43:28] ...lsp/handlers.lua:564	"[WARN] No tsconfig.json found at c:\\Users\\aaron\\tsconfig.json"
[WARN][2025-11-17 23:43:51] .../lua/vim/lsp.lua:1023	"buf_attach_client called on unloaded buffer (id: 54): "
[WARN][2025-11-17 23:43:51] .../lua/vim/lsp.lua:1023	"buf_attach_client called on unloaded buffer (id: 51): "
[START][2025-11-17 23:47:15] LSP logging initiated
[WARN][2025-11-17 23:47:15] ...lsp/handlers.lua:564	"The config c:/Users/aaron/Projects/CloverPit_Seed_Tracker/web/app/assets/profile.pcss requires a preprocessor and is not supported by Tailwind CSS v4.0."
[WARN][2025-11-17 23:47:15] ...lsp/handlers.lua:564	"The config c:/Users/aaron/Projects/CloverPit_Seed_Tracker/web/app/assets/modal.pcss requires a preprocessor and is not supported by Tailwind CSS v4.0."
[WARN][2025-11-17 23:47:15] ...lsp/handlers.lua:564	"The config c:/Users/aaron/Projects/CloverPit_Seed_Tracker/web/app/assets/main-plate.pcss requires a preprocessor and is not supported by Tailwind CSS v4.0."
[WARN][2025-11-17 23:47:15] ...lsp/handlers.lua:564	"The config c:/Users/aaron/Projects/CloverPit_Seed_Tracker/web/app/assets/main.pcss requires a preprocessor and is not supported by Tailwind CSS v4.0."
[WARN][2025-11-17 23:47:15] ...lsp/handlers.lua:564	"The config c:/Users/aaron/Projects/CloverPit_Seed_Tracker/web/app/assets/navbar.pcss requires a preprocessor and is not supported by Tailwind CSS v4.0."
[WARN][2025-11-17 23:47:15] ...lsp/handlers.lua:564	"The config c:/Users/aaron/Projects/CloverPit_Seed_Tracker/web/app/assets/admin/new_item.pcss requires a preprocessor and is not supported by Tailwind CSS v4.0."
[WARN][2025-11-17 23:47:15] ...lsp/handlers.lua:564	"The config c:/Users/aaron/Projects/CloverPit_Seed_Tracker/web/app/assets/new_run.pcss requires a preprocessor and is not supported by Tailwind CSS v4.0."
[WARN][2025-11-17 23:47:15] ...lsp/handlers.lua:564	"The config c:/Users/aaron/Projects/CloverPit_Seed_Tracker/web/app/assets/navbar.pcss requires a preprocessor and is not supported by Tailwind CSS v4.0."
[WARN][2025-11-17 23:47:15] ...lsp/handlers.lua:564	"The config c:/Users/aaron/Projects/CloverPit_Seed_Tracker/web/app/assets/main-plate.pcss requires a preprocessor and is not supported by Tailwind CSS v4.0."
[WARN][2025-11-17 23:47:15] ...lsp/handlers.lua:564	"The config c:/Users/aaron/Projects/CloverPit_Seed_Tracker/web/app/assets/modal.pcss requires a preprocessor and is not supported by Tailwind CSS v4.0."
[WARN][2025-11-17 23:47:15] ...lsp/handlers.lua:564	"The config c:/Users/aaron/Projects/CloverPit_Seed_Tracker/web/app/assets/new_run.pcss requires a preprocessor and is not supported by Tailwind CSS v4.0."
[WARN][2025-11-17 23:47:15] ...lsp/handlers.lua:564	"The config c:/Users/aaron/Projects/CloverPit_Seed_Tracker/web/app/assets/main.pcss requires a preprocessor and is not supported by Tailwind CSS v4.0."
[WARN][2025-11-17 23:47:15] ...lsp/handlers.lua:564	"The config c:/Users/aaron/Projects/CloverPit_Seed_Tracker/web/app/assets/profile.pcss requires a preprocessor and is not supported by Tailwind CSS v4.0."
[WARN][2025-11-17 23:47:15] ...lsp/handlers.lua:564	"The config c:/Users/aaron/Projects/CloverPit_Seed_Tracker/web/app/assets/admin/new_item.pcss requires a preprocessor and is not supported by Tailwind CSS v4.0."
[WARN][2025-11-17 23:47:16] ...m/lsp/client.lua:874	"The language server tailwindcss triggers a registerCapability handler for textDocument/documentColor despite dynamicRegistration set to false. Report upstream, this warning is harmless"
[WARN][2025-11-17 23:47:16] ...m/lsp/client.lua:874	"The language server tailwindcss triggers a registerCapability handler for textDocument/documentColor despite dynamicRegistration set to false. Report upstream, this warning is harmless"
[START][2025-11-17 23:49:24] LSP logging initiated
[WARN][2025-11-17 23:49:24] ...lsp/handlers.lua:564	"The config c:/Users/aaron/Projects/CloverPit_Seed_Tracker/web/app/assets/main.pcss requires a preprocessor and is not supported by Tailwind CSS v4.0."
[WARN][2025-11-17 23:49:24] ...lsp/handlers.lua:564	"The config c:/Users/aaron/Projects/CloverPit_Seed_Tracker/web/app/assets/navbar.pcss requires a preprocessor and is not supported by Tailwind CSS v4.0."
[WARN][2025-11-17 23:49:24] ...lsp/handlers.lua:564	"The config c:/Users/aaron/Projects/CloverPit_Seed_Tracker/web/app/assets/main-plate.pcss requires a preprocessor and is not supported by Tailwind CSS v4.0."
[WARN][2025-11-17 23:49:24] ...lsp/handlers.lua:564	"The config c:/Users/aaron/Projects/CloverPit_Seed_Tracker/web/app/assets/modal.pcss requires a preprocessor and is not supported by Tailwind CSS v4.0."
[WARN][2025-11-17 23:49:24] ...lsp/handlers.lua:564	"The config c:/Users/aaron/Projects/CloverPit_Seed_Tracker/web/app/assets/profile.pcss requires a preprocessor and is not supported by Tailwind CSS v4.0."
[WARN][2025-11-17 23:49:24] ...lsp/handlers.lua:564	"The config c:/Users/aaron/Projects/CloverPit_Seed_Tracker/web/app/assets/admin/new_item.pcss requires a preprocessor and is not supported by Tailwind CSS v4.0."
[WARN][2025-11-17 23:49:24] ...lsp/handlers.lua:564	"The config c:/Users/aaron/Projects/CloverPit_Seed_Tracker/web/app/assets/new_run.pcss requires a preprocessor and is not supported by Tailwind CSS v4.0."
[WARN][2025-11-17 23:49:25] ...m/lsp/client.lua:874	"The language server tailwindcss triggers a registerCapability handler for textDocument/documentColor despite dynamicRegistration set to false. Report upstream, this warning is harmless"
[START][2025-11-17 23:54:44] LSP logging initiated
[WARN][2025-11-17 23:54:44] ...lsp/handlers.lua:564	"The config c:/Users/aaron/Projects/CloverPit_Seed_Tracker/web/app/assets/main.pcss requires a preprocessor and is not supported by Tailwind CSS v4.0."
[WARN][2025-11-17 23:54:44] ...lsp/handlers.lua:564	"The config c:/Users/aaron/Projects/CloverPit_Seed_Tracker/web/app/assets/main-plate.pcss requires a preprocessor and is not supported by Tailwind CSS v4.0."
[WARN][2025-11-17 23:54:44] ...lsp/handlers.lua:564	"The config c:/Users/aaron/Projects/CloverPit_Seed_Tracker/web/app/assets/new_run.pcss requires a preprocessor and is not supported by Tailwind CSS v4.0."
[WARN][2025-11-17 23:54:44] ...lsp/handlers.lua:564	"The config c:/Users/aaron/Projects/CloverPit_Seed_Tracker/web/app/assets/navbar.pcss requires a preprocessor and is not supported by Tailwind CSS v4.0."
[WARN][2025-11-17 23:54:44] ...lsp/handlers.lua:564	"The config c:/Users/aaron/Projects/CloverPit_Seed_Tracker/web/app/assets/modal.pcss requires a preprocessor and is not supported by Tailwind CSS v4.0."
[WARN][2025-11-17 23:54:44] ...lsp/handlers.lua:564	"The config c:/Users/aaron/Projects/CloverPit_Seed_Tracker/web/app/assets/admin/new_item.pcss requires a preprocessor and is not supported by Tailwind CSS v4.0."
[WARN][2025-11-17 23:54:44] ...lsp/handlers.lua:564	"The config c:/Users/aaron/Projects/CloverPit_Seed_Tracker/web/app/assets/profile.pcss requires a preprocessor and is not supported by Tailwind CSS v4.0."
[WARN][2025-11-17 23:54:45] ...m/lsp/client.lua:874	"The language server tailwindcss triggers a registerCapability handler for textDocument/documentColor despite dynamicRegistration set to false. Report upstream, this warning is harmless"
[WARN][2025-11-18 00:01:27] .../lua/vim/lsp.lua:439	"nuxt-dx-tools-lsp does not have a configuration"
[START][2025-11-18 00:01:57] LSP logging initiated
[WARN][2025-11-18 00:01:57] ...lsp/handlers.lua:564	"The config c:/Users/aaron/Projects/CloverPit_Seed_Tracker/web/app/assets/modal.pcss requires a preprocessor and is not supported by Tailwind CSS v4.0."
[WARN][2025-11-18 00:01:57] ...lsp/handlers.lua:564	"The config c:/Users/aaron/Projects/CloverPit_Seed_Tracker/web/app/assets/profile.pcss requires a preprocessor and is not supported by Tailwind CSS v4.0."
[WARN][2025-11-18 00:01:57] ...lsp/handlers.lua:564	"The config c:/Users/aaron/Projects/CloverPit_Seed_Tracker/web/app/assets/main.pcss requires a preprocessor and is not supported by Tailwind CSS v4.0."
[WARN][2025-11-18 00:01:57] ...lsp/handlers.lua:564	"The config c:/Users/aaron/Projects/CloverPit_Seed_Tracker/web/app/assets/main-plate.pcss requires a preprocessor and is not supported by Tailwind CSS v4.0."
[WARN][2025-11-18 00:01:57] ...lsp/handlers.lua:564	"The config c:/Users/aaron/Projects/CloverPit_Seed_Tracker/web/app/assets/navbar.pcss requires a preprocessor and is not supported by Tailwind CSS v4.0."
[WARN][2025-11-18 00:01:57] ...lsp/handlers.lua:564	"The config c:/Users/aaron/Projects/CloverPit_Seed_Tracker/web/app/assets/admin/new_item.pcss requires a preprocessor and is not supported by Tailwind CSS v4.0."
[WARN][2025-11-18 00:01:57] ...lsp/handlers.lua:564	"The config c:/Users/aaron/Projects/CloverPit_Seed_Tracker/web/app/assets/new_run.pcss requires a preprocessor and is not supported by Tailwind CSS v4.0."
[WARN][2025-11-18 00:01:58] ...m/lsp/client.lua:874	"The language server tailwindcss triggers a registerCapability handler for textDocument/documentColor despite dynamicRegistration set to false. Report upstream, this warning is harmless"
[START][2025-11-18 00:02:36] LSP logging initiated
[WARN][2025-11-18 00:02:36] ...lsp/handlers.lua:564	"The config c:/Users/aaron/Projects/CloverPit_Seed_Tracker/web/app/assets/main.pcss requires a preprocessor and is not supported by Tailwind CSS v4.0."
[WARN][2025-11-18 00:02:36] ...lsp/handlers.lua:564	"The config c:/Users/aaron/Projects/CloverPit_Seed_Tracker/web/app/assets/main-plate.pcss requires a preprocessor and is not supported by Tailwind CSS v4.0."
[WARN][2025-11-18 00:02:36] ...lsp/handlers.lua:564	"The config c:/Users/aaron/Projects/CloverPit_Seed_Tracker/web/app/assets/modal.pcss requires a preprocessor and is not supported by Tailwind CSS v4.0."
[WARN][2025-11-18 00:02:36] ...lsp/handlers.lua:564	"The config c:/Users/aaron/Projects/CloverPit_Seed_Tracker/web/app/assets/new_run.pcss requires a preprocessor and is not supported by Tailwind CSS v4.0."
[WARN][2025-11-18 00:02:36] ...lsp/handlers.lua:564	"The config c:/Users/aaron/Projects/CloverPit_Seed_Tracker/web/app/assets/navbar.pcss requires a preprocessor and is not supported by Tailwind CSS v4.0."
[WARN][2025-11-18 00:02:36] ...lsp/handlers.lua:564	"The config c:/Users/aaron/Projects/CloverPit_Seed_Tracker/web/app/assets/profile.pcss requires a preprocessor and is not supported by Tailwind CSS v4.0."
[WARN][2025-11-18 00:02:36] ...lsp/handlers.lua:564	"The config c:/Users/aaron/Projects/CloverPit_Seed_Tracker/web/app/assets/admin/new_item.pcss requires a preprocessor and is not supported by Tailwind CSS v4.0."
[WARN][2025-11-18 00:02:37] ...m/lsp/client.lua:874	"The language server tailwindcss triggers a registerCapability handler for textDocument/documentColor despite dynamicRegistration set to false. Report upstream, this warning is harmless"
[START][2025-11-18 00:07:23] LSP logging initiated
[WARN][2025-11-18 00:07:23] ...lsp/handlers.lua:564	"The config c:/Users/aaron/Projects/CloverPit_Seed_Tracker/web/app/assets/main.pcss requires a preprocessor and is not supported by Tailwind CSS v4.0."
[WARN][2025-11-18 00:07:23] ...lsp/handlers.lua:564	"The config c:/Users/aaron/Projects/CloverPit_Seed_Tracker/web/app/assets/modal.pcss requires a preprocessor and is not supported by Tailwind CSS v4.0."
[WARN][2025-11-18 00:07:23] ...lsp/handlers.lua:564	"The config c:/Users/aaron/Projects/CloverPit_Seed_Tracker/web/app/assets/main-plate.pcss requires a preprocessor and is not supported by Tailwind CSS v4.0."
[WARN][2025-11-18 00:07:23] ...lsp/handlers.lua:564	"The config c:/Users/aaron/Projects/CloverPit_Seed_Tracker/web/app/assets/admin/new_item.pcss requires a preprocessor and is not supported by Tailwind CSS v4.0."
[WARN][2025-11-18 00:07:23] ...lsp/handlers.lua:564	"The config c:/Users/aaron/Projects/CloverPit_Seed_Tracker/web/app/assets/new_run.pcss requires a preprocessor and is not supported by Tailwind CSS v4.0."
[WARN][2025-11-18 00:07:23] ...lsp/handlers.lua:564	"The config c:/Users/aaron/Projects/CloverPit_Seed_Tracker/web/app/assets/navbar.pcss requires a preprocessor and is not supported by Tailwind CSS v4.0."
[WARN][2025-11-18 00:07:23] ...lsp/handlers.lua:564	"The config c:/Users/aaron/Projects/CloverPit_Seed_Tracker/web/app/assets/profile.pcss requires a preprocessor and is not supported by Tailwind CSS v4.0."
[WARN][2025-11-18 00:07:24] ...m/lsp/client.lua:874	"The language server tailwindcss triggers a registerCapability handler for textDocument/documentColor despite dynamicRegistration set to false. Report upstream, this warning is harmless"
[START][2025-11-18 00:14:09] LSP logging initiated
[WARN][2025-11-18 00:14:09] ...lsp/handlers.lua:564	"The config c:/Users/aaron/Projects/CloverPit_Seed_Tracker/web/app/assets/main-plate.pcss requires a preprocessor and is not supported by Tailwind CSS v4.0."
[WARN][2025-11-18 00:14:09] ...lsp/handlers.lua:564	"The config c:/Users/aaron/Projects/CloverPit_Seed_Tracker/web/app/assets/new_run.pcss requires a preprocessor and is not supported by Tailwind CSS v4.0."
[WARN][2025-11-18 00:14:09] ...lsp/handlers.lua:564	"The config c:/Users/aaron/Projects/CloverPit_Seed_Tracker/web/app/assets/admin/new_item.pcss requires a preprocessor and is not supported by Tailwind CSS v4.0."
[WARN][2025-11-18 00:14:09] ...lsp/handlers.lua:564	"The config c:/Users/aaron/Projects/CloverPit_Seed_Tracker/web/app/assets/navbar.pcss requires a preprocessor and is not supported by Tailwind CSS v4.0."
[WARN][2025-11-18 00:14:09] ...lsp/handlers.lua:564	"The config c:/Users/aaron/Projects/CloverPit_Seed_Tracker/web/app/assets/profile.pcss requires a preprocessor and is not supported by Tailwind CSS v4.0."
[WARN][2025-11-18 00:14:09] ...lsp/handlers.lua:564	"The config c:/Users/aaron/Projects/CloverPit_Seed_Tracker/web/app/assets/modal.pcss requires a preprocessor and is not supported by Tailwind CSS v4.0."
[WARN][2025-11-18 00:14:09] ...lsp/handlers.lua:564	"The config c:/Users/aaron/Projects/CloverPit_Seed_Tracker/web/app/assets/main.pcss requires a preprocessor and is not supported by Tailwind CSS v4.0."
[WARN][2025-11-18 00:14:10] ...m/lsp/client.lua:874	"The language server tailwindcss triggers a registerCapability handler for textDocument/documentColor despite dynamicRegistration set to false. Report upstream, this warning is harmless"
[WARN][2025-11-18 00:17:32] ...lsp/handlers.lua:564	"[WARN] No tsconfig.json found at c:\\Users\\aaron\\tsconfig.json"
[START][2025-11-18 00:25:52] LSP logging initiated
[WARN][2025-11-18 00:25:52] ...lsp/handlers.lua:564	"The config c:/Users/aaron/Projects/CloverPit_Seed_Tracker/web/app/assets/main-plate.pcss requires a preprocessor and is not supported by Tailwind CSS v4.0."
[WARN][2025-11-18 00:25:52] ...lsp/handlers.lua:564	"The config c:/Users/aaron/Projects/CloverPit_Seed_Tracker/web/app/assets/profile.pcss requires a preprocessor and is not supported by Tailwind CSS v4.0."
[WARN][2025-11-18 00:25:52] ...lsp/handlers.lua:564	"The config c:/Users/aaron/Projects/CloverPit_Seed_Tracker/web/app/assets/new_run.pcss requires a preprocessor and is not supported by Tailwind CSS v4.0."
[WARN][2025-11-18 00:25:52] ...lsp/handlers.lua:564	"The config c:/Users/aaron/Projects/CloverPit_Seed_Tracker/web/app/assets/modal.pcss requires a preprocessor and is not supported by Tailwind CSS v4.0."
[WARN][2025-11-18 00:25:52] ...lsp/handlers.lua:564	"The config c:/Users/aaron/Projects/CloverPit_Seed_Tracker/web/app/assets/admin/new_item.pcss requires a preprocessor and is not supported by Tailwind CSS v4.0."
[WARN][2025-11-18 00:25:52] ...lsp/handlers.lua:564	"The config c:/Users/aaron/Projects/CloverPit_Seed_Tracker/web/app/assets/navbar.pcss requires a preprocessor and is not supported by Tailwind CSS v4.0."
[WARN][2025-11-18 00:25:52] ...lsp/handlers.lua:564	"The config c:/Users/aaron/Projects/CloverPit_Seed_Tracker/web/app/assets/main.pcss requires a preprocessor and is not supported by Tailwind CSS v4.0."
[WARN][2025-11-18 00:25:53] ...m/lsp/client.lua:874	"The language server tailwindcss triggers a registerCapability handler for textDocument/documentColor despite dynamicRegistration set to false. Report upstream, this warning is harmless"
[START][2025-11-18 11:49:38] LSP logging initiated
[WARN][2025-11-18 11:49:38] ...lsp/handlers.lua:564	"The config c:/Users/aaron/Projects/CloverPit_Seed_Tracker/web/app/assets/modal.pcss requires a preprocessor and is not supported by Tailwind CSS v4.0."
[WARN][2025-11-18 11:49:38] ...lsp/handlers.lua:564	"The config c:/Users/aaron/Projects/CloverPit_Seed_Tracker/web/app/assets/profile.pcss requires a preprocessor and is not supported by Tailwind CSS v4.0."
[WARN][2025-11-18 11:49:38] ...lsp/handlers.lua:564	"The config c:/Users/aaron/Projects/CloverPit_Seed_Tracker/web/app/assets/new_run.pcss requires a preprocessor and is not supported by Tailwind CSS v4.0."
[WARN][2025-11-18 11:49:38] ...lsp/handlers.lua:564	"The config c:/Users/aaron/Projects/CloverPit_Seed_Tracker/web/app/assets/main.pcss requires a preprocessor and is not supported by Tailwind CSS v4.0."
[WARN][2025-11-18 11:49:38] ...lsp/handlers.lua:564	"The config c:/Users/aaron/Projects/CloverPit_Seed_Tracker/web/app/assets/main-plate.pcss requires a preprocessor and is not supported by Tailwind CSS v4.0."
[WARN][2025-11-18 11:49:38] ...lsp/handlers.lua:564	"The config c:/Users/aaron/Projects/CloverPit_Seed_Tracker/web/app/assets/admin/new_item.pcss requires a preprocessor and is not supported by Tailwind CSS v4.0."
[WARN][2025-11-18 11:49:38] ...lsp/handlers.lua:564	"The config c:/Users/aaron/Projects/CloverPit_Seed_Tracker/web/app/assets/navbar.pcss requires a preprocessor and is not supported by Tailwind CSS v4.0."
[WARN][2025-11-18 11:49:39] ...m/lsp/client.lua:874	"The language server tailwindcss triggers a registerCapability handler for textDocument/documentColor despite dynamicRegistration set to false. Report upstream, this warning is harmless"
[START][2025-11-18 11:50:18] LSP logging initiated
[WARN][2025-11-18 11:50:18] ...lsp/handlers.lua:564	"The config c:/Users/aaron/Projects/CloverPit_Seed_Tracker/web/app/assets/main-plate.pcss requires a preprocessor and is not supported by Tailwind CSS v4.0."
[WARN][2025-11-18 11:50:18] ...lsp/handlers.lua:564	"The config c:/Users/aaron/Projects/CloverPit_Seed_Tracker/web/app/assets/main.pcss requires a preprocessor and is not supported by Tailwind CSS v4.0."
[WARN][2025-11-18 11:50:18] ...lsp/handlers.lua:564	"The config c:/Users/aaron/Projects/CloverPit_Seed_Tracker/web/app/assets/modal.pcss requires a preprocessor and is not supported by Tailwind CSS v4.0."
[WARN][2025-11-18 11:50:18] ...lsp/handlers.lua:564	"The config c:/Users/aaron/Projects/CloverPit_Seed_Tracker/web/app/assets/profile.pcss requires a preprocessor and is not supported by Tailwind CSS v4.0."
[WARN][2025-11-18 11:50:18] ...lsp/handlers.lua:564	"The config c:/Users/aaron/Projects/CloverPit_Seed_Tracker/web/app/assets/navbar.pcss requires a preprocessor and is not supported by Tailwind CSS v4.0."
[WARN][2025-11-18 11:50:18] ...lsp/handlers.lua:564	"The config c:/Users/aaron/Projects/CloverPit_Seed_Tracker/web/app/assets/admin/new_item.pcss requires a preprocessor and is not supported by Tailwind CSS v4.0."
[WARN][2025-11-18 11:50:18] ...lsp/handlers.lua:564	"The config c:/Users/aaron/Projects/CloverPit_Seed_Tracker/web/app/assets/new_run.pcss requires a preprocessor and is not supported by Tailwind CSS v4.0."
[WARN][2025-11-18 11:50:19] ...m/lsp/client.lua:874	"The language server tailwindcss triggers a registerCapability handler for textDocument/documentColor despite dynamicRegistration set to false. Report upstream, this warning is harmless"
[START][2025-11-18 11:57:00] LSP logging initiated
[WARN][2025-11-18 11:57:00] ...lsp/handlers.lua:564	"The config c:/Users/aaron/Projects/CloverPit_Seed_Tracker/web/app/assets/main.pcss requires a preprocessor and is not supported by Tailwind CSS v4.0."
[WARN][2025-11-18 11:57:00] ...lsp/handlers.lua:564	"The config c:/Users/aaron/Projects/CloverPit_Seed_Tracker/web/app/assets/main-plate.pcss requires a preprocessor and is not supported by Tailwind CSS v4.0."
[WARN][2025-11-18 11:57:00] ...lsp/handlers.lua:564	"The config c:/Users/aaron/Projects/CloverPit_Seed_Tracker/web/app/assets/new_run.pcss requires a preprocessor and is not supported by Tailwind CSS v4.0."
[WARN][2025-11-18 11:57:00] ...lsp/handlers.lua:564	"The config c:/Users/aaron/Projects/CloverPit_Seed_Tracker/web/app/assets/navbar.pcss requires a preprocessor and is not supported by Tailwind CSS v4.0."
[WARN][2025-11-18 11:57:00] ...lsp/handlers.lua:564	"The config c:/Users/aaron/Projects/CloverPit_Seed_Tracker/web/app/assets/profile.pcss requires a preprocessor and is not supported by Tailwind CSS v4.0."
[WARN][2025-11-18 11:57:00] ...lsp/handlers.lua:564	"The config c:/Users/aaron/Projects/CloverPit_Seed_Tracker/web/app/assets/modal.pcss requires a preprocessor and is not supported by Tailwind CSS v4.0."
[WARN][2025-11-18 11:57:00] ...lsp/handlers.lua:564	"The config c:/Users/aaron/Projects/CloverPit_Seed_Tracker/web/app/assets/admin/new_item.pcss requires a preprocessor and is not supported by Tailwind CSS v4.0."
[WARN][2025-11-18 11:57:01] ...m/lsp/client.lua:874	"The language server tailwindcss triggers a registerCapability handler for textDocument/documentColor despite dynamicRegistration set to false. Report upstream, this warning is harmless"
[WARN][2025-11-18 11:58:55] ...lsp/handlers.lua:564	"[WARN] No tsconfig.json found at c:\\Users\\aaron\\tsconfig.json"
[ERROR][2025-11-18 11:59:07] ...lsp/handlers.lua:562	"TSServer exited. Code: null. Signal: SIGTERM"
[START][2025-11-18 11:59:12] LSP logging initiated
[WARN][2025-11-18 11:59:12] ...lsp/handlers.lua:564	"The config c:/Users/aaron/Projects/CloverPit_Seed_Tracker/web/app/assets/modal.pcss requires a preprocessor and is not supported by Tailwind CSS v4.0."
[WARN][2025-11-18 11:59:12] ...lsp/handlers.lua:564	"The config c:/Users/aaron/Projects/CloverPit_Seed_Tracker/web/app/assets/new_run.pcss requires a preprocessor and is not supported by Tailwind CSS v4.0."
[WARN][2025-11-18 11:59:12] ...lsp/handlers.lua:564	"The config c:/Users/aaron/Projects/CloverPit_Seed_Tracker/web/app/assets/main.pcss requires a preprocessor and is not supported by Tailwind CSS v4.0."
[WARN][2025-11-18 11:59:12] ...lsp/handlers.lua:564	"The config c:/Users/aaron/Projects/CloverPit_Seed_Tracker/web/app/assets/main-plate.pcss requires a preprocessor and is not supported by Tailwind CSS v4.0."
[WARN][2025-11-18 11:59:12] ...lsp/handlers.lua:564	"The config c:/Users/aaron/Projects/CloverPit_Seed_Tracker/web/app/assets/profile.pcss requires a preprocessor and is not supported by Tailwind CSS v4.0."
[WARN][2025-11-18 11:59:12] ...lsp/handlers.lua:564	"The config c:/Users/aaron/Projects/CloverPit_Seed_Tracker/web/app/assets/navbar.pcss requires a preprocessor and is not supported by Tailwind CSS v4.0."
[WARN][2025-11-18 11:59:12] ...lsp/handlers.lua:564	"The config c:/Users/aaron/Projects/CloverPit_Seed_Tracker/web/app/assets/admin/new_item.pcss requires a preprocessor and is not supported by Tailwind CSS v4.0."
[WARN][2025-11-18 11:59:13] ...m/lsp/client.lua:874	"The language server tailwindcss triggers a registerCapability handler for textDocument/documentColor despite dynamicRegistration set to false. Report upstream, this warning is harmless"
[WARN][2025-11-18 11:59:56] ...lsp/handlers.lua:564	"[WARN] No tsconfig.json found at c:\\Users\\aaron\\tsconfig.json"
[START][2025-11-18 12:02:01] LSP logging initiated
[WARN][2025-11-18 12:02:01] ...lsp/handlers.lua:564	"The config c:/Users/aaron/Projects/CloverPit_Seed_Tracker/web/app/assets/main-plate.pcss requires a preprocessor and is not supported by Tailwind CSS v4.0."
[WARN][2025-11-18 12:02:01] ...lsp/handlers.lua:564	"The config c:/Users/aaron/Projects/CloverPit_Seed_Tracker/web/app/assets/new_run.pcss requires a preprocessor and is not supported by Tailwind CSS v4.0."
[WARN][2025-11-18 12:02:01] ...lsp/handlers.lua:564	"The config c:/Users/aaron/Projects/CloverPit_Seed_Tracker/web/app/assets/modal.pcss requires a preprocessor and is not supported by Tailwind CSS v4.0."
[WARN][2025-11-18 12:02:01] ...lsp/handlers.lua:564	"The config c:/Users/aaron/Projects/CloverPit_Seed_Tracker/web/app/assets/profile.pcss requires a preprocessor and is not supported by Tailwind CSS v4.0."
[WARN][2025-11-18 12:02:01] ...lsp/handlers.lua:564	"The config c:/Users/aaron/Projects/CloverPit_Seed_Tracker/web/app/assets/main.pcss requires a preprocessor and is not supported by Tailwind CSS v4.0."
[WARN][2025-11-18 12:02:01] ...lsp/handlers.lua:564	"The config c:/Users/aaron/Projects/CloverPit_Seed_Tracker/web/app/assets/navbar.pcss requires a preprocessor and is not supported by Tailwind CSS v4.0."
[WARN][2025-11-18 12:02:01] ...lsp/handlers.lua:564	"The config c:/Users/aaron/Projects/CloverPit_Seed_Tracker/web/app/assets/admin/new_item.pcss requires a preprocessor and is not supported by Tailwind CSS v4.0."
[WARN][2025-11-18 12:02:02] ...m/lsp/client.lua:874	"The language server tailwindcss triggers a registerCapability handler for textDocument/documentColor despite dynamicRegistration set to false. Report upstream, this warning is harmless"
